<?xml version="1.0" encoding="UTF-8"?>
<!-- Generated by org.testng.reporters.JUnitXMLReporter -->
<testsuite hostname="shawon-faruk" ignored="0" name="Hub Spot Regression Test Cases" tests="11" failures="0" timestamp="07 Dec 2018 00:27:05 GMT" time="209.658" errors="0">
  <testcase name="createNewDeal" time="6.335" classname="com.hubspot.qa.tests.SalesPageTest"/>
  <testcase name="createNewDeal" time="7.168" classname="com.hubspot.qa.tests.SalesPageTest"/>
  <testcase name="createNewDeal" time="6.543" classname="com.hubspot.qa.tests.SalesPageTest"/>
  <testcase name="createNewDeal" time="7.263" classname="com.hubspot.qa.tests.SalesPageTest"/>
  <testcase name="createNewDeal" time="6.73" classname="com.hubspot.qa.tests.SalesPageTest"/>
  <testcase name="createNewDeal" time="6.642" classname="com.hubspot.qa.tests.SalesPageTest"/>
  <testcase name="verifyLoginPageTitlePage" time="0.032" classname="com.hubspot.qa.tests.LoginTest"/>
  <testcase name="homePageHeaderTest" time="8.75" classname="com.hubspot.qa.tests.HomePageTest"/>
  <testcase name="loginTest" time="2.542" classname="com.hubspot.qa.tests.LoginTest"/>
  <testcase name="homePageTitleTest" time="4.785" classname="com.hubspot.qa.tests.HomePageTest"/>
  <testcase name="accountNameTest" time="7.341" classname="com.hubspot.qa.tests.HomePageTest"/>
</testsuite> <!-- Hub Spot Regression Test Cases -->
