<?xml version="1.0" encoding="UTF-8"?>
<testng-results skipped="0" failed="0" ignored="0" total="11" passed="11">
  <reporter-output>
  </reporter-output>
  <suite name="Hub Spot Test Automation Suite" duration-ms="209658" started-at="2018-12-07T00:23:35Z" finished-at="2018-12-07T00:27:05Z">
    <groups>
    </groups>
    <test name="Hub Spot Regression Test Cases" duration-ms="209658" started-at="2018-12-07T00:23:35Z" finished-at="2018-12-07T00:27:05Z">
      <class name="com.hubspot.qa.tests.SalesPageTest">
        <test-method status="PASS" signature="setUp()[pri:0, instance:com.hubspot.qa.tests.SalesPageTest@4883b407]" name="setUp" is-config="true" duration-ms="20366" started-at="2018-12-07T00:23:36Z" finished-at="2018-12-07T00:23:57Z">
          <reporter-output>
          </reporter-output>
        </test-method> <!-- setUp -->
        <test-method status="PASS" signature="createNewDeal(java.lang.String, java.lang.String)[pri:0, instance:com.hubspot.qa.tests.SalesPageTest@4883b407]" name="createNewDeal" duration-ms="6335" started-at="2018-12-07T00:23:57Z" data-provider="getSalesTestData" finished-at="2018-12-07T00:24:03Z">
          <params>
            <param index="0">
              <value>
                <![CDATA[Sun Islam]]>
              </value>
            </param>
            <param index="1">
              <value>
                <![CDATA[100.0]]>
              </value>
            </param>
          </params>
          <reporter-output>
          </reporter-output>
        </test-method> <!-- createNewDeal -->
        <test-method status="PASS" signature="tearDown()[pri:0, instance:com.hubspot.qa.tests.SalesPageTest@4883b407]" name="tearDown" is-config="true" duration-ms="926" started-at="2018-12-07T00:24:03Z" finished-at="2018-12-07T00:24:04Z">
          <reporter-output>
          </reporter-output>
        </test-method> <!-- tearDown -->
        <test-method status="PASS" signature="setUp()[pri:0, instance:com.hubspot.qa.tests.SalesPageTest@4883b407]" name="setUp" is-config="true" duration-ms="17272" started-at="2018-12-07T00:24:04Z" finished-at="2018-12-07T00:24:21Z">
          <reporter-output>
          </reporter-output>
        </test-method> <!-- setUp -->
        <test-method status="PASS" signature="createNewDeal(java.lang.String, java.lang.String)[pri:0, instance:com.hubspot.qa.tests.SalesPageTest@4883b407]" name="createNewDeal" duration-ms="7168" started-at="2018-12-07T00:24:21Z" data-provider="getSalesTestData" finished-at="2018-12-07T00:24:28Z">
          <params>
            <param index="0">
              <value>
                <![CDATA[shobuj Alam200]]>
              </value>
            </param>
            <param index="1">
              <value>
                <![CDATA[200.0]]>
              </value>
            </param>
          </params>
          <reporter-output>
          </reporter-output>
        </test-method> <!-- createNewDeal -->
        <test-method status="PASS" signature="tearDown()[pri:0, instance:com.hubspot.qa.tests.SalesPageTest@4883b407]" name="tearDown" is-config="true" duration-ms="976" started-at="2018-12-07T00:24:28Z" finished-at="2018-12-07T00:24:29Z">
          <reporter-output>
          </reporter-output>
        </test-method> <!-- tearDown -->
        <test-method status="PASS" signature="setUp()[pri:0, instance:com.hubspot.qa.tests.SalesPageTest@4883b407]" name="setUp" is-config="true" duration-ms="17680" started-at="2018-12-07T00:24:29Z" finished-at="2018-12-07T00:24:47Z">
          <reporter-output>
          </reporter-output>
        </test-method> <!-- setUp -->
        <test-method status="PASS" signature="createNewDeal(java.lang.String, java.lang.String)[pri:0, instance:com.hubspot.qa.tests.SalesPageTest@4883b407]" name="createNewDeal" duration-ms="6543" started-at="2018-12-07T00:24:47Z" data-provider="getSalesTestData" finished-at="2018-12-07T00:24:53Z">
          <params>
            <param index="0">
              <value>
                <![CDATA[Badsha Alam]]>
              </value>
            </param>
            <param index="1">
              <value>
                <![CDATA[300.0]]>
              </value>
            </param>
          </params>
          <reporter-output>
          </reporter-output>
        </test-method> <!-- createNewDeal -->
        <test-method status="PASS" signature="tearDown()[pri:0, instance:com.hubspot.qa.tests.SalesPageTest@4883b407]" name="tearDown" is-config="true" duration-ms="1035" started-at="2018-12-07T00:24:53Z" finished-at="2018-12-07T00:24:54Z">
          <reporter-output>
          </reporter-output>
        </test-method> <!-- tearDown -->
        <test-method status="PASS" signature="setUp()[pri:0, instance:com.hubspot.qa.tests.SalesPageTest@4883b407]" name="setUp" is-config="true" duration-ms="17867" started-at="2018-12-07T00:24:54Z" finished-at="2018-12-07T00:25:12Z">
          <reporter-output>
          </reporter-output>
        </test-method> <!-- setUp -->
        <test-method status="PASS" signature="createNewDeal(java.lang.String, java.lang.String)[pri:0, instance:com.hubspot.qa.tests.SalesPageTest@4883b407]" name="createNewDeal" duration-ms="7263" started-at="2018-12-07T00:25:12Z" data-provider="getSalesTestData" finished-at="2018-12-07T00:25:20Z">
          <params>
            <param index="0">
              <value>
                <![CDATA[Nazmul ]]>
              </value>
            </param>
            <param index="1">
              <value>
                <![CDATA[400.0]]>
              </value>
            </param>
          </params>
          <reporter-output>
          </reporter-output>
        </test-method> <!-- createNewDeal -->
        <test-method status="PASS" signature="tearDown()[pri:0, instance:com.hubspot.qa.tests.SalesPageTest@4883b407]" name="tearDown" is-config="true" duration-ms="909" started-at="2018-12-07T00:25:20Z" finished-at="2018-12-07T00:25:20Z">
          <reporter-output>
          </reporter-output>
        </test-method> <!-- tearDown -->
        <test-method status="PASS" signature="setUp()[pri:0, instance:com.hubspot.qa.tests.SalesPageTest@4883b407]" name="setUp" is-config="true" duration-ms="18026" started-at="2018-12-07T00:25:20Z" finished-at="2018-12-07T00:25:39Z">
          <reporter-output>
          </reporter-output>
        </test-method> <!-- setUp -->
        <test-method status="PASS" signature="createNewDeal(java.lang.String, java.lang.String)[pri:0, instance:com.hubspot.qa.tests.SalesPageTest@4883b407]" name="createNewDeal" duration-ms="6730" started-at="2018-12-07T00:25:39Z" data-provider="getSalesTestData" finished-at="2018-12-07T00:25:45Z">
          <params>
            <param index="0">
              <value>
                <![CDATA[Hasan]]>
              </value>
            </param>
            <param index="1">
              <value>
                <![CDATA[500.0]]>
              </value>
            </param>
          </params>
          <reporter-output>
          </reporter-output>
        </test-method> <!-- createNewDeal -->
        <test-method status="PASS" signature="tearDown()[pri:0, instance:com.hubspot.qa.tests.SalesPageTest@4883b407]" name="tearDown" is-config="true" duration-ms="933" started-at="2018-12-07T00:25:45Z" finished-at="2018-12-07T00:25:46Z">
          <reporter-output>
          </reporter-output>
        </test-method> <!-- tearDown -->
        <test-method status="PASS" signature="setUp()[pri:0, instance:com.hubspot.qa.tests.SalesPageTest@4883b407]" name="setUp" is-config="true" duration-ms="18858" started-at="2018-12-07T00:25:46Z" finished-at="2018-12-07T00:26:05Z">
          <reporter-output>
          </reporter-output>
        </test-method> <!-- setUp -->
        <test-method status="PASS" signature="createNewDeal(java.lang.String, java.lang.String)[pri:0, instance:com.hubspot.qa.tests.SalesPageTest@4883b407]" name="createNewDeal" duration-ms="6642" started-at="2018-12-07T00:26:05Z" data-provider="getSalesTestData" finished-at="2018-12-07T00:26:12Z">
          <params>
            <param index="0">
              <value>
                <![CDATA[Jewal]]>
              </value>
            </param>
            <param index="1">
              <value>
                <![CDATA[600.0]]>
              </value>
            </param>
          </params>
          <reporter-output>
          </reporter-output>
        </test-method> <!-- createNewDeal -->
        <test-method status="PASS" signature="tearDown()[pri:0, instance:com.hubspot.qa.tests.SalesPageTest@4883b407]" name="tearDown" is-config="true" duration-ms="969" started-at="2018-12-07T00:26:12Z" finished-at="2018-12-07T00:26:13Z">
          <reporter-output>
          </reporter-output>
        </test-method> <!-- tearDown -->
      </class> <!-- com.hubspot.qa.tests.SalesPageTest -->
      <class name="com.hubspot.qa.tests.LoginTest">
        <test-method status="PASS" signature="SetUp()[pri:0, instance:com.hubspot.qa.tests.LoginTest@6093dd95]" name="SetUp" is-config="true" duration-ms="8725" started-at="2018-12-07T00:26:13Z" finished-at="2018-12-07T00:26:21Z">
          <reporter-output>
          </reporter-output>
        </test-method> <!-- SetUp -->
        <test-method status="PASS" signature="verifyLoginPageTitlePage()[pri:1, instance:com.hubspot.qa.tests.LoginTest@6093dd95]" name="verifyLoginPageTitlePage" duration-ms="32" started-at="2018-12-07T00:26:21Z" finished-at="2018-12-07T00:26:21Z">
          <reporter-output>
          </reporter-output>
        </test-method> <!-- verifyLoginPageTitlePage -->
        <test-method status="PASS" signature="tearDown()[pri:0, instance:com.hubspot.qa.tests.LoginTest@6093dd95]" name="tearDown" is-config="true" duration-ms="2121" started-at="2018-12-07T00:26:21Z" finished-at="2018-12-07T00:26:24Z">
          <reporter-output>
          </reporter-output>
        </test-method> <!-- tearDown -->
        <test-method status="PASS" signature="SetUp()[pri:0, instance:com.hubspot.qa.tests.LoginTest@6093dd95]" name="SetUp" is-config="true" duration-ms="7717" started-at="2018-12-07T00:26:33Z" finished-at="2018-12-07T00:26:41Z">
          <reporter-output>
          </reporter-output>
        </test-method> <!-- SetUp -->
        <test-method status="PASS" signature="loginTest()[pri:2, instance:com.hubspot.qa.tests.LoginTest@6093dd95]" name="loginTest" duration-ms="2542" started-at="2018-12-07T00:26:41Z" finished-at="2018-12-07T00:26:44Z">
          <reporter-output>
          </reporter-output>
        </test-method> <!-- loginTest -->
        <test-method status="PASS" signature="tearDown()[pri:0, instance:com.hubspot.qa.tests.LoginTest@6093dd95]" name="tearDown" is-config="true" duration-ms="2124" started-at="2018-12-07T00:26:44Z" finished-at="2018-12-07T00:26:46Z">
          <reporter-output>
          </reporter-output>
        </test-method> <!-- tearDown -->
      </class> <!-- com.hubspot.qa.tests.LoginTest -->
      <class name="com.hubspot.qa.tests.HomePageTest">
        <test-method status="PASS" signature="SetUp()[pri:0, instance:com.hubspot.qa.tests.HomePageTest@5622fdf]" name="SetUp" is-config="true" duration-ms="10911" started-at="2018-12-07T00:26:13Z" finished-at="2018-12-07T00:26:24Z">
          <reporter-output>
          </reporter-output>
        </test-method> <!-- SetUp -->
        <test-method status="PASS" signature="homePageHeaderTest()[pri:1, instance:com.hubspot.qa.tests.HomePageTest@5622fdf]" name="homePageHeaderTest" duration-ms="8750" started-at="2018-12-07T00:26:24Z" finished-at="2018-12-07T00:26:32Z">
          <reporter-output>
          </reporter-output>
        </test-method> <!-- homePageHeaderTest -->
        <test-method status="PASS" signature="tearDown()[pri:0, instance:com.hubspot.qa.tests.HomePageTest@5622fdf]" name="tearDown" is-config="true" duration-ms="1058" started-at="2018-12-07T00:26:32Z" finished-at="2018-12-07T00:26:33Z">
          <reporter-output>
          </reporter-output>
        </test-method> <!-- tearDown -->
        <test-method status="PASS" signature="SetUp()[pri:0, instance:com.hubspot.qa.tests.HomePageTest@5622fdf]" name="SetUp" is-config="true" duration-ms="9879" started-at="2018-12-07T00:26:33Z" finished-at="2018-12-07T00:26:43Z">
          <reporter-output>
          </reporter-output>
        </test-method> <!-- SetUp -->
        <test-method status="PASS" signature="homePageTitleTest()[pri:2, instance:com.hubspot.qa.tests.HomePageTest@5622fdf]" name="homePageTitleTest" duration-ms="4785" started-at="2018-12-07T00:26:43Z" finished-at="2018-12-07T00:26:48Z">
          <reporter-output>
          </reporter-output>
        </test-method> <!-- homePageTitleTest -->
        <test-method status="PASS" signature="tearDown()[pri:0, instance:com.hubspot.qa.tests.HomePageTest@5622fdf]" name="tearDown" is-config="true" duration-ms="867" started-at="2018-12-07T00:26:48Z" finished-at="2018-12-07T00:26:49Z">
          <reporter-output>
          </reporter-output>
        </test-method> <!-- tearDown -->
        <test-method status="PASS" signature="SetUp()[pri:0, instance:com.hubspot.qa.tests.HomePageTest@5622fdf]" name="SetUp" is-config="true" duration-ms="7723" started-at="2018-12-07T00:26:49Z" finished-at="2018-12-07T00:26:57Z">
          <reporter-output>
          </reporter-output>
        </test-method> <!-- SetUp -->
        <test-method status="PASS" signature="accountNameTest()[pri:3, instance:com.hubspot.qa.tests.HomePageTest@5622fdf]" name="accountNameTest" duration-ms="7341" started-at="2018-12-07T00:26:57Z" finished-at="2018-12-07T00:27:04Z">
          <reporter-output>
          </reporter-output>
        </test-method> <!-- accountNameTest -->
        <test-method status="PASS" signature="tearDown()[pri:0, instance:com.hubspot.qa.tests.HomePageTest@5622fdf]" name="tearDown" is-config="true" duration-ms="953" started-at="2018-12-07T00:27:04Z" finished-at="2018-12-07T00:27:05Z">
          <reporter-output>
          </reporter-output>
        </test-method> <!-- tearDown -->
      </class> <!-- com.hubspot.qa.tests.HomePageTest -->
    </test> <!-- Hub Spot Regression Test Cases -->
  </suite> <!-- Hub Spot Test Automation Suite -->
</testng-results>
